<?xml version="1.0" encoding="UTF-8"?>
<testsuite name="TestTestClass" tests="1" skipped="0" failures="0" errors="0" timestamp="2021-07-23T09:22:02" hostname="kriskim-desktop" time="0.012">
  <properties/>
  <testcase name="testJTe()" classname="TestTestClass" time="0.012"/>
  <system-out><![CDATA[Input data is : ehfiehfiehfief
]]></system-out>
  <system-err><![CDATA[]]></system-err>
</testsuite>
